<?xml version="1.0" encoding="UTF-8"?>
<!-- Generated by org.testng.reporters.JUnitXMLReporter -->
<testsuite hostname="DESKTOP-E8R6GVD" ignored="3" name="Default test(failed)(failed)" tests="4" failures="0" timestamp="2021-06-04T07:18:22 IST" time="106.236" errors="0">
  <testcase name="Linkedin_test" time="23.635" classname="testNG_Programs.FirstTestNGProg"/>
  <testcase name="Dataprovider_Test" time="27.421" classname="testNG_Programs.DataProviderTest"/>
  <testcase name="Dataprovider_Test" time="16.447" classname="testNG_Programs.DataProviderTest"/>
  <testcase name="Dataprovider_Test" time="35.391" classname="testNG_Programs.DataProviderTest"/>
  <testcase name="Fb_test" time="0.0" classname="testNG_Programs.FirstTestNGProg">
    <ignored/>
  </testcase> <!-- Fb_test -->
  <testcase name="@BeforeTest beforeTest" time="0.0" classname="testNG_Programs.Base">
    <ignored/>
  </testcase> <!-- @BeforeTest beforeTest -->
  <testcase name="@AfterTest afterTest" time="0.0" classname="testNG_Programs.Base">
    <ignored/>
  </testcase> <!-- @AfterTest afterTest -->
</testsuite> <!-- Default test(failed)(failed) -->
